<?xml version="1.0" encoding="UTF-8"?>
<!-- Generated by org.testng.reporters.JUnitReportReporter -->
<testsuite hostname="LAPTOP-9KF0J4IR" failures="0" tests="1" name="test.RyanairTest" time="79.797" errors="0" timestamp="2023-09-10T13:32:28 BST" skipped="0">
  <testcase classname="test.RyanairTest" name="testRyanairBookingFlow" time="79.797"/>
</testsuite> <!-- test.RyanairTest -->
